Successfully retrieved statistics for job: 37963957. 
+------------------------------------------------------------------------------+
| GPU ID: 0                                                                    |
+====================================+=========================================+
|-----  Execution Stats  ------------+-----------------------------------------|
| Start Time                         | Sun Mar 23 08:46:55 2025                |
| End Time                           | Sun Mar 23 11:47:46 2025                |
| Total Execution Time (sec)         | 10850.7                                 |
| No. of Processes                   | 3                                       |
+-----  Performance Stats  ----------+-----------------------------------------+
| Energy Consumed (Joules)           | 823011                                  |
| Power Usage (Watts)                | Avg: 230.618, Max: 342.654, Min: 59.113 |
| Max GPU Memory Used (bytes)        | 13319012352                             |
| SM Clock (MHz)                     | Avg: 1280, Max: 1410, Min: 210          |
| Memory Clock (MHz)                 | Avg: 1593, Max: 1593, Min: 1593         |
| SM Utilization (%)                 | Avg: 77, Max: 99, Min: 0                |
| Memory Utilization (%)             | Avg: 14, Max: 25, Min: 0                |
| PCIe Rx Bandwidth (megabytes)      | Avg: N/A, Max: N/A, Min: N/A            |
| PCIe Tx Bandwidth (megabytes)      | Avg: N/A, Max: N/A, Min: N/A            |
+-----  Event Stats  ----------------+-----------------------------------------+
| Single Bit ECC Errors              | 0                                       |
| Double Bit ECC Errors              | 0                                       |
| PCIe Replay Warnings               | 0                                       |
| Critical XID Errors                | 0                                       |
+-----  Slowdown Stats  -------------+-----------------------------------------+
| Due to - Power (%)                 | 0                                       |
|        - Thermal (%)               | 0                                       |
|        - Reliability (%)           | Not Supported                           |
|        - Board Limit (%)           | Not Supported                           |
|        - Low Utilization (%)       | Not Supported                           |
|        - Sync Boost (%)            | 0                                       |
+--  Compute Process Utilization  ---+-----------------------------------------+
| PID                                | 2300795                                 |
|     Avg SM Utilization (%)         | 28                                      |
|     Avg Memory Utilization (%)     | 4                                       |
| PID                                | 2319692                                 |
|     Avg SM Utilization (%)         | 18                                      |
|     Avg Memory Utilization (%)     | 3                                       |
| PID                                | 2322151                                 |
|     Avg SM Utilization (%)         | 37                                      |
|     Avg Memory Utilization (%)     | 6                                       |
+-----  Overall Health  -------------+-----------------------------------------+
| Overall Health                     | Healthy                                 |
+------------------------------------+-----------------------------------------+

